
*** Running vivado
    with args -log top_module.vds -m64 -product Vivado -mode batch -messageDb vivado.pb -notrace -source top_module.tcl


****** Vivado v2019.2 (64-bit)
  **** SW Build 2708876 on Wed Nov  6 21:40:23 MST 2019
  **** IP Build 2700528 on Thu Nov  7 00:09:20 MST 2019
    ** Copyright 1986-2019 Xilinx, Inc. All Rights Reserved.

source top_module.tcl -notrace
Command: synth_design -top top_module -part xc7a35tcpg236-1
Starting synth_design
Attempting to get a license for feature 'Synthesis' and/or device 'xc7a35t'
INFO: [Common 17-349] Got license for feature 'Synthesis' and/or device 'xc7a35t'
INFO: [Device 21-403] Loading part xc7a35tcpg236-1
INFO: Launching helper process for spawning children vivado processes
INFO: Helper process launched with PID 14628 
---------------------------------------------------------------------------------
Starting RTL Elaboration : Time (s): cpu = 00:00:03 ; elapsed = 00:00:03 . Memory (MB): peak = 949.551 ; gain = 234.152
---------------------------------------------------------------------------------
INFO: [Synth 8-6157] synthesizing module 'top_module' [C:/Users/folks/Desktop/Vivado/All Project/Traffic_Control_3/Traffic_Control_3.srcs/sources_1/new/top.v:3]
WARNING: [Synth 8-6896] loop limit (65536) exceeded inside initial block, initial block items will be ignored [C:/Users/folks/Desktop/Vivado/All Project/Traffic_Control_3/Traffic_Control_3.srcs/sources_1/new/top.v:36]
WARNING: [Synth 8-4446] all outputs are unconnected for this instance and logic may be removed [C:/Users/folks/Desktop/Vivado/All Project/Traffic_Control_3/Traffic_Control_3.srcs/sources_1/new/top.v:11]
INFO: [Synth 8-6157] synthesizing module 'counter' [C:/Users/folks/Desktop/Vivado/All Project/Traffic_Control_3/Traffic_Control_3.srcs/sources_1/new/counter.v:3]
INFO: [Synth 8-6155] done synthesizing module 'counter' (1#1) [C:/Users/folks/Desktop/Vivado/All Project/Traffic_Control_3/Traffic_Control_3.srcs/sources_1/new/counter.v:3]
INFO: [Synth 8-6157] synthesizing module 'traffic' [C:/Users/folks/Desktop/Vivado/All Project/Traffic_Control_3/Traffic_Control_3.srcs/sources_1/new/traffic.v:3]
	Parameter S0 bound to: 3'b000 
	Parameter S1 bound to: 3'b001 
	Parameter S2 bound to: 3'b010 
	Parameter S3 bound to: 3'b011 
INFO: [Synth 8-155] case statement is not full and has no default [C:/Users/folks/Desktop/Vivado/All Project/Traffic_Control_3/Traffic_Control_3.srcs/sources_1/new/traffic.v:25]
INFO: [Synth 8-155] case statement is not full and has no default [C:/Users/folks/Desktop/Vivado/All Project/Traffic_Control_3/Traffic_Control_3.srcs/sources_1/new/traffic.v:83]
INFO: [Synth 8-6155] done synthesizing module 'traffic' (2#1) [C:/Users/folks/Desktop/Vivado/All Project/Traffic_Control_3/Traffic_Control_3.srcs/sources_1/new/traffic.v:3]
WARNING: [Synth 8-3848] Net Reset in module/entity top_module does not have driver. [C:/Users/folks/Desktop/Vivado/All Project/Traffic_Control_3/Traffic_Control_3.srcs/sources_1/new/top.v:6]
WARNING: [Synth 8-3848] Net C in module/entity top_module does not have driver. [C:/Users/folks/Desktop/Vivado/All Project/Traffic_Control_3/Traffic_Control_3.srcs/sources_1/new/top.v:6]
WARNING: [Synth 8-3848] Net TL in module/entity top_module does not have driver. [C:/Users/folks/Desktop/Vivado/All Project/Traffic_Control_3/Traffic_Control_3.srcs/sources_1/new/top.v:7]
WARNING: [Synth 8-3848] Net TS in module/entity top_module does not have driver. [C:/Users/folks/Desktop/Vivado/All Project/Traffic_Control_3/Traffic_Control_3.srcs/sources_1/new/top.v:7]
WARNING: [Synth 8-3848] Net ST in module/entity top_module does not have driver. [C:/Users/folks/Desktop/Vivado/All Project/Traffic_Control_3/Traffic_Control_3.srcs/sources_1/new/top.v:8]
INFO: [Synth 8-6155] done synthesizing module 'top_module' (3#1) [C:/Users/folks/Desktop/Vivado/All Project/Traffic_Control_3/Traffic_Control_3.srcs/sources_1/new/top.v:3]
WARNING: [Synth 8-3331] design traffic has unconnected port ST
---------------------------------------------------------------------------------
Finished RTL Elaboration : Time (s): cpu = 00:00:05 ; elapsed = 00:00:05 . Memory (MB): peak = 1036.680 ; gain = 321.281
---------------------------------------------------------------------------------

Report Check Netlist: 
+------+------------------+-------+---------+-------+------------------+
|      |Item              |Errors |Warnings |Status |Description       |
+------+------------------+-------+---------+-------+------------------+
|1     |multi_driven_nets |      0|        0|Passed |Multi driven nets |
+------+------------------+-------+---------+-------+------------------+
---------------------------------------------------------------------------------
Start Handling Custom Attributes
---------------------------------------------------------------------------------
---------------------------------------------------------------------------------
Finished Handling Custom Attributes : Time (s): cpu = 00:00:05 ; elapsed = 00:00:06 . Memory (MB): peak = 1036.680 ; gain = 321.281
---------------------------------------------------------------------------------
---------------------------------------------------------------------------------
Finished RTL Optimization Phase 1 : Time (s): cpu = 00:00:05 ; elapsed = 00:00:06 . Memory (MB): peak = 1036.680 ; gain = 321.281
---------------------------------------------------------------------------------
Netlist sorting complete. Time (s): cpu = 00:00:00 ; elapsed = 00:00:00 . Memory (MB): peak = 1036.680 ; gain = 0.000
INFO: [Project 1-570] Preparing netlist for logic optimization

Processing XDC Constraints
Initializing timing engine
Parsing XDC File [C:/Users/folks/Desktop/Vivado/All Project/Traffic_Control_3/Basys-3-Master.xdc]
WARNING: [Vivado 12-584] No ports matched 'Clk'. [C:/Users/folks/Desktop/Vivado/All Project/Traffic_Control_3/Basys-3-Master.xdc:3]
CRITICAL WARNING: [Common 17-55] 'set_property' expects at least one object. [C:/Users/folks/Desktop/Vivado/All Project/Traffic_Control_3/Basys-3-Master.xdc:3]
Resolution: If [get_<value>] was used to populate the object, check to make sure this command returns at least one valid object.
WARNING: [Vivado 12-584] No ports matched 'Clk'. [C:/Users/folks/Desktop/Vivado/All Project/Traffic_Control_3/Basys-3-Master.xdc:4]
CRITICAL WARNING: [Vivado 12-4739] create_clock:No valid object(s) found for '-objects [get_ports Clk]'. [C:/Users/folks/Desktop/Vivado/All Project/Traffic_Control_3/Basys-3-Master.xdc:4]
Resolution: Check if the specified object(s) exists in the current design. If it does, ensure that the correct design hierarchy was specified for the object. If you are working with clocks, make sure create_clock was used to create the clock object before it is referenced.
WARNING: [Vivado 12-584] No ports matched 'C'. [C:/Users/folks/Desktop/Vivado/All Project/Traffic_Control_3/Basys-3-Master.xdc:8]
CRITICAL WARNING: [Common 17-55] 'set_property' expects at least one object. [C:/Users/folks/Desktop/Vivado/All Project/Traffic_Control_3/Basys-3-Master.xdc:8]
Resolution: If [get_<value>] was used to populate the object, check to make sure this command returns at least one valid object.
WARNING: [Vivado 12-584] No ports matched 'HG'. [C:/Users/folks/Desktop/Vivado/All Project/Traffic_Control_3/Basys-3-Master.xdc:27]
CRITICAL WARNING: [Common 17-55] 'set_property' expects at least one object. [C:/Users/folks/Desktop/Vivado/All Project/Traffic_Control_3/Basys-3-Master.xdc:27]
Resolution: If [get_<value>] was used to populate the object, check to make sure this command returns at least one valid object.
WARNING: [Vivado 12-584] No ports matched 'HY'. [C:/Users/folks/Desktop/Vivado/All Project/Traffic_Control_3/Basys-3-Master.xdc:28]
CRITICAL WARNING: [Common 17-55] 'set_property' expects at least one object. [C:/Users/folks/Desktop/Vivado/All Project/Traffic_Control_3/Basys-3-Master.xdc:28]
Resolution: If [get_<value>] was used to populate the object, check to make sure this command returns at least one valid object.
WARNING: [Vivado 12-584] No ports matched 'HR'. [C:/Users/folks/Desktop/Vivado/All Project/Traffic_Control_3/Basys-3-Master.xdc:29]
CRITICAL WARNING: [Common 17-55] 'set_property' expects at least one object. [C:/Users/folks/Desktop/Vivado/All Project/Traffic_Control_3/Basys-3-Master.xdc:29]
Resolution: If [get_<value>] was used to populate the object, check to make sure this command returns at least one valid object.
WARNING: [Vivado 12-584] No ports matched 'FG'. [C:/Users/folks/Desktop/Vivado/All Project/Traffic_Control_3/Basys-3-Master.xdc:30]
CRITICAL WARNING: [Common 17-55] 'set_property' expects at least one object. [C:/Users/folks/Desktop/Vivado/All Project/Traffic_Control_3/Basys-3-Master.xdc:30]
Resolution: If [get_<value>] was used to populate the object, check to make sure this command returns at least one valid object.
WARNING: [Vivado 12-584] No ports matched 'FY'. [C:/Users/folks/Desktop/Vivado/All Project/Traffic_Control_3/Basys-3-Master.xdc:31]
CRITICAL WARNING: [Common 17-55] 'set_property' expects at least one object. [C:/Users/folks/Desktop/Vivado/All Project/Traffic_Control_3/Basys-3-Master.xdc:31]
Resolution: If [get_<value>] was used to populate the object, check to make sure this command returns at least one valid object.
WARNING: [Vivado 12-584] No ports matched 'FR'. [C:/Users/folks/Desktop/Vivado/All Project/Traffic_Control_3/Basys-3-Master.xdc:32]
CRITICAL WARNING: [Common 17-55] 'set_property' expects at least one object. [C:/Users/folks/Desktop/Vivado/All Project/Traffic_Control_3/Basys-3-Master.xdc:32]
Resolution: If [get_<value>] was used to populate the object, check to make sure this command returns at least one valid object.
WARNING: [Vivado 12-584] No ports matched 'Reset'. [C:/Users/folks/Desktop/Vivado/All Project/Traffic_Control_3/Basys-3-Master.xdc:63]
CRITICAL WARNING: [Common 17-55] 'set_property' expects at least one object. [C:/Users/folks/Desktop/Vivado/All Project/Traffic_Control_3/Basys-3-Master.xdc:63]
Resolution: If [get_<value>] was used to populate the object, check to make sure this command returns at least one valid object.
WARNING: [Vivado 12-584] No ports matched 'TS'. [C:/Users/folks/Desktop/Vivado/All Project/Traffic_Control_3/Basys-3-Master.xdc:65]
CRITICAL WARNING: [Common 17-55] 'set_property' expects at least one object. [C:/Users/folks/Desktop/Vivado/All Project/Traffic_Control_3/Basys-3-Master.xdc:65]
Resolution: If [get_<value>] was used to populate the object, check to make sure this command returns at least one valid object.
WARNING: [Vivado 12-584] No ports matched 'TL'. [C:/Users/folks/Desktop/Vivado/All Project/Traffic_Control_3/Basys-3-Master.xdc:66]
CRITICAL WARNING: [Common 17-55] 'set_property' expects at least one object. [C:/Users/folks/Desktop/Vivado/All Project/Traffic_Control_3/Basys-3-Master.xdc:66]
Resolution: If [get_<value>] was used to populate the object, check to make sure this command returns at least one valid object.
Finished Parsing XDC File [C:/Users/folks/Desktop/Vivado/All Project/Traffic_Control_3/Basys-3-Master.xdc]
Completed Processing XDC Constraints

Netlist sorting complete. Time (s): cpu = 00:00:00 ; elapsed = 00:00:00 . Memory (MB): peak = 1096.445 ; gain = 0.000
INFO: [Project 1-111] Unisim Transformation Summary:
No Unisim elements were transformed.

Constraint Validation Runtime : Time (s): cpu = 00:00:00 ; elapsed = 00:00:00.002 . Memory (MB): peak = 1096.445 ; gain = 0.000
---------------------------------------------------------------------------------
Finished Constraint Validation : Time (s): cpu = 00:00:10 ; elapsed = 00:00:10 . Memory (MB): peak = 1096.445 ; gain = 381.047
---------------------------------------------------------------------------------
---------------------------------------------------------------------------------
Start Loading Part and Timing Information
---------------------------------------------------------------------------------
Loading part: xc7a35tcpg236-1
---------------------------------------------------------------------------------
Finished Loading Part and Timing Information : Time (s): cpu = 00:00:10 ; elapsed = 00:00:10 . Memory (MB): peak = 1096.445 ; gain = 381.047
---------------------------------------------------------------------------------
---------------------------------------------------------------------------------
Start Applying 'set_property' XDC Constraints
---------------------------------------------------------------------------------
---------------------------------------------------------------------------------
Finished applying 'set_property' XDC Constraints : Time (s): cpu = 00:00:10 ; elapsed = 00:00:10 . Memory (MB): peak = 1096.445 ; gain = 381.047
---------------------------------------------------------------------------------
WARNING: [Synth 8-327] inferring latch for variable 'HG_reg' [C:/Users/folks/Desktop/Vivado/All Project/Traffic_Control_3/Traffic_Control_3.srcs/sources_1/new/traffic.v:85]
WARNING: [Synth 8-327] inferring latch for variable 'HY_reg' [C:/Users/folks/Desktop/Vivado/All Project/Traffic_Control_3/Traffic_Control_3.srcs/sources_1/new/traffic.v:85]
WARNING: [Synth 8-327] inferring latch for variable 'HR_reg' [C:/Users/folks/Desktop/Vivado/All Project/Traffic_Control_3/Traffic_Control_3.srcs/sources_1/new/traffic.v:85]
WARNING: [Synth 8-327] inferring latch for variable 'FG_reg' [C:/Users/folks/Desktop/Vivado/All Project/Traffic_Control_3/Traffic_Control_3.srcs/sources_1/new/traffic.v:86]
WARNING: [Synth 8-327] inferring latch for variable 'FY_reg' [C:/Users/folks/Desktop/Vivado/All Project/Traffic_Control_3/Traffic_Control_3.srcs/sources_1/new/traffic.v:86]
WARNING: [Synth 8-327] inferring latch for variable 'FR_reg' [C:/Users/folks/Desktop/Vivado/All Project/Traffic_Control_3/Traffic_Control_3.srcs/sources_1/new/traffic.v:86]
WARNING: [Synth 8-327] inferring latch for variable 'next_state_reg' [C:/Users/folks/Desktop/Vivado/All Project/Traffic_Control_3/Traffic_Control_3.srcs/sources_1/new/traffic.v:28]
WARNING: [Synth 8-327] inferring latch for variable 'next_ST_reg' [C:/Users/folks/Desktop/Vivado/All Project/Traffic_Control_3/Traffic_Control_3.srcs/sources_1/new/traffic.v:28]
---------------------------------------------------------------------------------
Finished RTL Optimization Phase 2 : Time (s): cpu = 00:00:10 ; elapsed = 00:00:11 . Memory (MB): peak = 1096.445 ; gain = 381.047
---------------------------------------------------------------------------------

Report RTL Partitions: 
+-+--------------+------------+----------+
| |RTL Partition |Replication |Instances |
+-+--------------+------------+----------+
+-+--------------+------------+----------+
---------------------------------------------------------------------------------
Start RTL Component Statistics 
---------------------------------------------------------------------------------
Detailed RTL Component Info : 
+---Registers : 
	                3 Bit    Registers := 1     
+---Muxes : 
	   4 Input      3 Bit        Muxes := 1     
	   2 Input      2 Bit        Muxes := 2     
	   2 Input      1 Bit        Muxes := 15    
	   4 Input      1 Bit        Muxes := 9     
---------------------------------------------------------------------------------
Finished RTL Component Statistics 
---------------------------------------------------------------------------------
---------------------------------------------------------------------------------
Start RTL Hierarchical Component Statistics 
---------------------------------------------------------------------------------
Hierarchical RTL Component report 
Module traffic 
Detailed RTL Component Info : 
+---Registers : 
	                3 Bit    Registers := 1     
+---Muxes : 
	   4 Input      3 Bit        Muxes := 1     
	   2 Input      2 Bit        Muxes := 2     
	   2 Input      1 Bit        Muxes := 15    
	   4 Input      1 Bit        Muxes := 9     
---------------------------------------------------------------------------------
Finished RTL Hierarchical Component Statistics
---------------------------------------------------------------------------------
---------------------------------------------------------------------------------
Start Part Resource Summary
---------------------------------------------------------------------------------
Part Resources:
DSPs: 90 (col length:60)
BRAMs: 100 (col length: RAMB18 60 RAMB36 30)
---------------------------------------------------------------------------------
Finished Part Resource Summary
---------------------------------------------------------------------------------
---------------------------------------------------------------------------------
Start Cross Boundary and Area Optimization
---------------------------------------------------------------------------------
Warning: Parallel synthesis criteria is not met 
WARNING: [Synth 8-3332] Sequential element (uut/HG_reg) is unused and will be removed from module top_module.
WARNING: [Synth 8-3332] Sequential element (uut/HY_reg) is unused and will be removed from module top_module.
WARNING: [Synth 8-3332] Sequential element (uut/HR_reg) is unused and will be removed from module top_module.
WARNING: [Synth 8-3332] Sequential element (uut/FG_reg) is unused and will be removed from module top_module.
WARNING: [Synth 8-3332] Sequential element (uut/FY_reg) is unused and will be removed from module top_module.
WARNING: [Synth 8-3332] Sequential element (uut/FR_reg) is unused and will be removed from module top_module.
WARNING: [Synth 8-3332] Sequential element (uut/next_state_reg[2]) is unused and will be removed from module top_module.
WARNING: [Synth 8-3332] Sequential element (uut/next_state_reg[1]) is unused and will be removed from module top_module.
WARNING: [Synth 8-3332] Sequential element (uut/next_state_reg[0]) is unused and will be removed from module top_module.
WARNING: [Synth 8-3332] Sequential element (uut/next_ST_reg__0) is unused and will be removed from module top_module.
---------------------------------------------------------------------------------
Finished Cross Boundary and Area Optimization : Time (s): cpu = 00:00:11 ; elapsed = 00:00:11 . Memory (MB): peak = 1096.445 ; gain = 381.047
---------------------------------------------------------------------------------

Report RTL Partitions: 
+-+--------------+------------+----------+
| |RTL Partition |Replication |Instances |
+-+--------------+------------+----------+
+-+--------------+------------+----------+
---------------------------------------------------------------------------------
Start Applying XDC Timing Constraints
---------------------------------------------------------------------------------
---------------------------------------------------------------------------------
Finished Applying XDC Timing Constraints : Time (s): cpu = 00:00:16 ; elapsed = 00:00:16 . Memory (MB): peak = 1096.445 ; gain = 381.047
---------------------------------------------------------------------------------
---------------------------------------------------------------------------------
Start Timing Optimization
---------------------------------------------------------------------------------
---------------------------------------------------------------------------------
Finished Timing Optimization : Time (s): cpu = 00:00:16 ; elapsed = 00:00:16 . Memory (MB): peak = 1096.445 ; gain = 381.047
---------------------------------------------------------------------------------

Report RTL Partitions: 
+-+--------------+------------+----------+
| |RTL Partition |Replication |Instances |
+-+--------------+------------+----------+
+-+--------------+------------+----------+
---------------------------------------------------------------------------------
Start Technology Mapping
---------------------------------------------------------------------------------
---------------------------------------------------------------------------------
Finished Technology Mapping : Time (s): cpu = 00:00:16 ; elapsed = 00:00:16 . Memory (MB): peak = 1097.965 ; gain = 382.566
---------------------------------------------------------------------------------

Report RTL Partitions: 
+-+--------------+------------+----------+
| |RTL Partition |Replication |Instances |
+-+--------------+------------+----------+
+-+--------------+------------+----------+
---------------------------------------------------------------------------------
Start IO Insertion
---------------------------------------------------------------------------------
---------------------------------------------------------------------------------
Start Flattening Before IO Insertion
---------------------------------------------------------------------------------
---------------------------------------------------------------------------------
Finished Flattening Before IO Insertion
---------------------------------------------------------------------------------
---------------------------------------------------------------------------------
Start Final Netlist Cleanup
---------------------------------------------------------------------------------
---------------------------------------------------------------------------------
Finished Final Netlist Cleanup
---------------------------------------------------------------------------------
---------------------------------------------------------------------------------
Finished IO Insertion : Time (s): cpu = 00:00:18 ; elapsed = 00:00:19 . Memory (MB): peak = 1113.801 ; gain = 398.402
---------------------------------------------------------------------------------
---------------------------------------------------------------------------------
Start Renaming Generated Instances
---------------------------------------------------------------------------------
---------------------------------------------------------------------------------
Finished Renaming Generated Instances : Time (s): cpu = 00:00:18 ; elapsed = 00:00:19 . Memory (MB): peak = 1113.801 ; gain = 398.402
---------------------------------------------------------------------------------

Report RTL Partitions: 
+-+--------------+------------+----------+
| |RTL Partition |Replication |Instances |
+-+--------------+------------+----------+
+-+--------------+------------+----------+

Report Check Netlist: 
+------+------------------+-------+---------+-------+------------------+
|      |Item              |Errors |Warnings |Status |Description       |
+------+------------------+-------+---------+-------+------------------+
|1     |multi_driven_nets |      0|        0|Passed |Multi driven nets |
+------+------------------+-------+---------+-------+------------------+
---------------------------------------------------------------------------------
Start Rebuilding User Hierarchy
---------------------------------------------------------------------------------
---------------------------------------------------------------------------------
Finished Rebuilding User Hierarchy : Time (s): cpu = 00:00:18 ; elapsed = 00:00:19 . Memory (MB): peak = 1113.801 ; gain = 398.402
---------------------------------------------------------------------------------
---------------------------------------------------------------------------------
Start Renaming Generated Ports
---------------------------------------------------------------------------------
---------------------------------------------------------------------------------
Finished Renaming Generated Ports : Time (s): cpu = 00:00:18 ; elapsed = 00:00:19 . Memory (MB): peak = 1113.801 ; gain = 398.402
---------------------------------------------------------------------------------
---------------------------------------------------------------------------------
Start Handling Custom Attributes
---------------------------------------------------------------------------------
---------------------------------------------------------------------------------
Finished Handling Custom Attributes : Time (s): cpu = 00:00:18 ; elapsed = 00:00:19 . Memory (MB): peak = 1113.801 ; gain = 398.402
---------------------------------------------------------------------------------
---------------------------------------------------------------------------------
Start Renaming Generated Nets
---------------------------------------------------------------------------------
---------------------------------------------------------------------------------
Finished Renaming Generated Nets : Time (s): cpu = 00:00:18 ; elapsed = 00:00:19 . Memory (MB): peak = 1113.801 ; gain = 398.402
---------------------------------------------------------------------------------
---------------------------------------------------------------------------------
Start Writing Synthesis Report
---------------------------------------------------------------------------------

Report BlackBoxes: 
+-+--------------+----------+
| |BlackBox name |Instances |
+-+--------------+----------+
+-+--------------+----------+

Report Cell Usage: 
+-+-----+------+
| |Cell |Count |
+-+-----+------+
+-+-----+------+

Report Instance Areas: 
+------+---------+-------+------+
|      |Instance |Module |Cells |
+------+---------+-------+------+
|1     |top      |       |     0|
+------+---------+-------+------+
---------------------------------------------------------------------------------
Finished Writing Synthesis Report : Time (s): cpu = 00:00:18 ; elapsed = 00:00:19 . Memory (MB): peak = 1113.801 ; gain = 398.402
---------------------------------------------------------------------------------
Synthesis finished with 0 errors, 0 critical warnings and 18 warnings.
Synthesis Optimization Runtime : Time (s): cpu = 00:00:11 ; elapsed = 00:00:18 . Memory (MB): peak = 1113.801 ; gain = 338.637
Synthesis Optimization Complete : Time (s): cpu = 00:00:18 ; elapsed = 00:00:19 . Memory (MB): peak = 1113.801 ; gain = 398.402
INFO: [Project 1-571] Translating synthesized netlist
Netlist sorting complete. Time (s): cpu = 00:00:00 ; elapsed = 00:00:00 . Memory (MB): peak = 1113.801 ; gain = 0.000
INFO: [Project 1-570] Preparing netlist for logic optimization
INFO: [Opt 31-138] Pushed 0 inverter(s) to 0 load pin(s).
Netlist sorting complete. Time (s): cpu = 00:00:00 ; elapsed = 00:00:00 . Memory (MB): peak = 1132.383 ; gain = 0.000
INFO: [Project 1-111] Unisim Transformation Summary:
No Unisim elements were transformed.

INFO: [Common 17-83] Releasing license: Synthesis
17 Infos, 38 Warnings, 12 Critical Warnings and 0 Errors encountered.
synth_design completed successfully
synth_design: Time (s): cpu = 00:00:22 ; elapsed = 00:00:23 . Memory (MB): peak = 1132.383 ; gain = 707.035
Netlist sorting complete. Time (s): cpu = 00:00:00 ; elapsed = 00:00:00 . Memory (MB): peak = 1132.383 ; gain = 0.000
WARNING: [Constraints 18-5210] No constraints selected for write.
Resolution: This message can indicate that there are no constraints for the design, or it can indicate that the used_in flags are set such that the constraints are ignored. This later case is used when running synth_design to not write synthesis constraints to the resulting checkpoint. Instead, project constraints are read when the synthesized design is opened.
INFO: [Common 17-1381] The checkpoint 'C:/Users/folks/Desktop/Vivado/All Project/Traffic_Control_3/Traffic_Control_3.runs/synth_1/top_module.dcp' has been generated.
INFO: [runtcl-4] Executing : report_utilization -file top_module_utilization_synth.rpt -pb top_module_utilization_synth.pb
INFO: [Common 17-206] Exiting Vivado at Sun Nov 19 22:22:46 2023...
